<?xml version="1.0" encoding="UTF-8"?>
<!-- Generated by org.testng.reporters.JUnitReportReporter -->
<testsuite hostname="DESKTOP-PH1SPBH" failures="0" tests="4" name="com.SuceDemo.Practice.practice3" time="0.029" errors="0" timestamp="2022-05-31T22:40:53 IST" skipped="0">
  <testcase classname="com.SuceDemo.Practice.practice3" name="testCase01" time="0.008"/>
  <system-out/>
  <testcase classname="com.SuceDemo.Practice.practice3" name="testCase01" time="0.004"/>
  <system-out/>
  <testcase classname="com.SuceDemo.Practice.practice3" name="testCase01" time="0.007"/>
  <system-out/>
  <testcase classname="com.SuceDemo.Practice.practice3" name="testCase01" time="0.010"/>
  <system-out/>
</testsuite> <!-- com.SuceDemo.Practice.practice3 -->
