<?xml version="1.0" encoding="UTF-8"?>
<!-- Generated by org.testng.reporters.JUnitReportReporter -->
<testsuite hostname="DESKTOP-PH1SPBH" failures="0" tests="1" name="com.SuceDemo.TestClasses2.TC02LogOutFunctionality" time="46.548" errors="0" timestamp="2022-05-31T23:46:07 IST" skipped="0">
  <testcase classname="com.SuceDemo.TestClasses2.TC02LogOutFunctionality" name="logoutFunctionality" time="46.548"/>
  <system-out/>
</testsuite> <!-- com.SuceDemo.TestClasses2.TC02LogOutFunctionality -->
