<?xml version="1.0" encoding="UTF-8"?>
<!-- Generated by org.testng.reporters.JUnitReportReporter -->
<testsuite hostname="DESKTOP-PH1SPBH" failures="0" tests="1" name="com.SuceDemo.TestClasses2.TC03AddToSingleProduct" time="37.821" errors="0" timestamp="2022-05-31T23:46:07 IST" skipped="0">
  <testcase classname="com.SuceDemo.TestClasses2.TC03AddToSingleProduct" name="addProductToCart" time="37.821"/>
  <system-out/>
</testsuite> <!-- com.SuceDemo.TestClasses2.TC03AddToSingleProduct -->
