<?xml version="1.0" encoding="UTF-8"?>
<!-- Generated by org.testng.reporters.JUnitReportReporter -->
<testsuite hostname="DESKTOP-PH1SPBH" failures="0" tests="1" name="com.SuceDemo.TestClasses2.TC01LoginFunctionality02" time="46.557" errors="0" timestamp="2022-05-31T23:46:07 IST" skipped="0">
  <testcase classname="com.SuceDemo.TestClasses2.TC01LoginFunctionality02" name="loginFunctionality" time="46.557"/>
  <system-out/>
</testsuite> <!-- com.SuceDemo.TestClasses2.TC01LoginFunctionality02 -->
