<?xml version="1.0" encoding="UTF-8"?>
<!-- Generated by org.testng.reporters.JUnitReportReporter -->
<testsuite hostname="DESKTOP-PH1SPBH" failures="0" tests="1" name="com.SuceDemo.Practice.Practice1" time="0.058" errors="0" timestamp="2022-05-30T06:44:09 IST" skipped="0">
  <testcase classname="com.SuceDemo.Practice.Practice1" name="tesrDown" time="0.058"/>
  <system-out/>
</testsuite> <!-- com.SuceDemo.Practice.Practice1 -->
